pi@raspberrypi ~/book/code/chapter03 $ nosetests -s test.test_Module04
In setUpModule()...
Creating object for the class : mymathlib
In setUpClass()...

In setUp()...
In test_case01()
In tearDown()...
.
In setUp()...
In test_case02()
In tearDown()...
.
In tearDownClass()...
In tearDownModule()...
Destroying object for the class : mymathlib

----------------------------------------------------------------------
Ran 2 tests in 0.008s

OK
pi@raspberrypi ~/book/code/chapter03 $ nosetests -vs test.test_Module04
In setUpModule()...
Creating object for the class : mymathlib
In setUpClass()...
test.test_Module04.TestClass02.test_case01 ...
In setUp()...
In test_case01()
In tearDown()...
ok
test.test_Module04.TestClass02.test_case02 ...
In setUp()...
In test_case02()
In tearDown()...
ok

In tearDownClass()...
In tearDownModule()...
Destroying object for the class : mymathlib

----------------------------------------------------------------------
Ran 2 tests in 0.009s

OK

