pi@raspberrypi ~/book/code/chapter02/test $ pwd
/home/pi/book/code/chapter02/test
pi@raspberrypi ~/book/code/chapter02/test $ tree
.
├── __init__.py
├── test_Module01.py
├── test_Module02.py
├── test_Module03.py
├── test_Module04.py
├── test_Module05.py
├── test_Module06.py
└── test_Module07.py

0 directories, 8 files
pi@raspberrypi ~/book/code/chapter02/test $ cd ..
pi@raspberrypi ~/book/code/chapter02 $ pwd
/home/pi/book/code/chapter02
pi@raspberrypi ~/book/code/chapter02 $ tree
.
└── test
    ├── __init__.py
    ├── test_Module01.py
    ├── test_Module02.py
    ├── test_Module03.py
    ├── test_Module04.py
    ├── test_Module05.py
    ├── test_Module06.py
    └── test_Module07.py

1 directory, 8 files
pi@raspberrypi ~/book/code/chapter02 $ python -m unittest -v test.test_Module04
test_case01 (test.test_Module04.TestClass04) ...
Classname : TestClass04
Running Test Method : test_case01
ok
test_case01 (test.test_Module04.TestClass05) ...
Classname : TestClass05
Running Test Method : test_case01
ok

----------------------------------------------------------------------
Ran 2 tests in 0.043s

OK
pi@raspberrypi ~/book/code/chapter02 $ python -m unittest -v test.test_Module04.TestClass04
test_case01 (test.test_Module04.TestClass04) ...
Classname : TestClass04
Running Test Method : test_case01
ok

----------------------------------------------------------------------
Ran 1 test in 0.037s

OK
pi@raspberrypi ~/book/code/chapter02 $ python -m unittest -v test.test_Module04.TestClass04.test_case01
test_case01 (test.test_Module04.TestClass04) ...
Classname : TestClass04
Running Test Method : test_case01
ok

----------------------------------------------------------------------
Ran 1 test in 0.037s

OK

