pi@raspberrypi ~/book/code/chapter02/test $ python -m unittest test_Module04

Classname : TestClass04
Running Test Method : test_case01
.
Classname : TestClass05
Running Test Method : test_case01
.
----------------------------------------------------------------------
Ran 2 tests in 0.042s

OK
pi@raspberrypi ~/book/code/chapter02/test $ python -m unittest test_Module04.TestClass04

Classname : TestClass04
Running Test Method : test_case01
.
----------------------------------------------------------------------
Ran 1 test in 0.036s

OK
pi@raspberrypi ~/book/code/chapter02/test $ python -m unittest test_Module04.TestClass04.test_case01

Classname : TestClass04
Running Test Method : test_case01
.
----------------------------------------------------------------------
Ran 1 test in 0.036s

OK
pi@raspberrypi ~/book/code/chapter02/test $ python -m unittest -v test_Module04
test_case01 (test_Module04.TestClass04) ...
Classname : TestClass04
Running Test Method : test_case01
ok
test_case01 (test_Module04.TestClass05) ...
Classname : TestClass05
Running Test Method : test_case01
ok

----------------------------------------------------------------------
Ran 2 tests in 0.043s

OK
pi@raspberrypi ~/book/code/chapter02/test $ python -m unittest -v test_Module04.TestClass04
test_case01 (test_Module04.TestClass04) ...
Classname : TestClass04
Running Test Method : test_case01
ok

----------------------------------------------------------------------
Ran 1 test in 0.038s

OK
pi@raspberrypi ~/book/code/chapter02/test $ python -m unittest -v test_Module04.TestClass04.test_case01
test_case01 (test_Module04.TestClass04) ...
Classname : TestClass04
Running Test Method : test_case01
ok

----------------------------------------------------------------------
Ran 1 test in 0.037s

OK

