pi@raspberrypi ~/book/code/chapter04/test $ py.test -vs test_Module04.py
============================= test session starts ==============================
platform linux2 -- Python 2.7.3, pytest-2.9.2, py-1.4.31, pluggy-0.3.1 -- /usr/bin/python
cachedir: .cache
rootdir: /home/pi/book/code/chapter04/test, inifile:
collected 4 items

test_Module04.py::test_case01
In setup_module()...

In setup_function()...

In test_case01()...
PASSED
In teardown_function()...

test_Module04.py::test_case02
In setup_function()...

In test_case02()...
PASSED
In teardown_function()...

test_Module04.py::TestClass02::test_case03
In setup_class()...

In setup_method()...

In test_case03()...
PASSED
In teardown_method()...

test_Module04.py::TestClass02::test_case04
In setup_method()...

In test_case04()...
PASSED
In teardown_method()...

In teardown_class()...

In teardown_module()...


=========================== 4 passed in 0.10 seconds ===========================
